[    0.000000] Initializing cgroup subsys cpuset
[    0.000000] Initializing cgroup subsys cpu
[    0.000000] Initializing cgroup subsys cpuacct
[    0.000000] Linux version 4.4.0-189-generic (buildd@lgw01-amd64-047) (gcc version 5.4.0 20160609 (Ubuntu 5.4.0-6ubuntu1~16.04.12) ) #219-Ubuntu SMP Tue Aug 11 12:26:50 UTC 2020 (Ubuntu 4.4.0-189.219-generic 4.4.232)
[    0.000000] Command line: BOOT_IMAGE=/boot/vmlinuz-4.4.0-189-generic root=LABEL=cloudimg-rootfs ro console=tty1 console=ttyS0
[    0.000000] KERNEL supported cpus:
[    0.000000]   Intel GenuineIntel
[    0.000000]   AMD AuthenticAMD
[    0.000000]   Centaur CentaurHauls
[    0.000000] x86/fpu: xstate_offset[2]:  576, xstate_sizes[2]:  256
[    0.000000] x86/fpu: Supporting XSAVE feature 0x01: 'x87 floating point registers'
[    0.000000] x86/fpu: Supporting XSAVE feature 0x02: 'SSE registers'
[    0.000000] x86/fpu: Supporting XSAVE feature 0x04: 'AVX registers'
[    0.000000] x86/fpu: Enabled xstate features 0x7, context size is 832 bytes, using 'standard' format.
[    0.000000] e820: BIOS-provided physical RAM map:
[    0.000000] BIOS-e820: [mem 0x0000000000000000-0x000000000009fbff] usable
[    0.000000] BIOS-e820: [mem 0x000000000009fc00-0x000000000009ffff] reserved
[    0.000000] BIOS-e820: [mem 0x00000000000f0000-0x00000000000fffff] reserved
[    0.000000] BIOS-e820: [mem 0x0000000000100000-0x000000003ffeffff] usable
[    0.000000] BIOS-e820: [mem 0x000000003fff0000-0x000000003fffffff] ACPI data
[    0.000000] BIOS-e820: [mem 0x00000000fec00000-0x00000000fec00fff] reserved
[    0.000000] BIOS-e820: [mem 0x00000000fee00000-0x00000000fee00fff] reserved
[    0.000000] BIOS-e820: [mem 0x00000000fffc0000-0x00000000ffffffff] reserved
[    0.000000] NX (Execute Disable) protection: active
[    0.000000] SMBIOS 2.5 present.
[    0.000000] Hypervisor detected: KVM
[    0.000000] Kernel/User page tables isolation: disabled
[    0.000000] e820: last_pfn = 0x3fff0 max_arch_pfn = 0x400000000
[    0.000000] MTRR: Disabled
[    0.000000] x86/PAT: MTRRs disabled, skipping PAT initialization too.
[    0.000000] CPU MTRRs all blank - virtualized system.
[    0.000000] x86/PAT: Configuration [0-7]: WB  WT  UC- UC  WB  WT  UC- UC  
[    0.000000] found SMP MP-table at [mem 0x0009fff0-0x0009ffff] mapped at [ffff88000009fff0]
[    0.000000] Scanning 1 areas for low memory corruption
[    0.000000] RAMDISK: [mem 0x362de000-0x37166fff]
[    0.000000] ACPI: Early table checksum verification disabled
[    0.000000] ACPI: RSDP 0x00000000000E0000 000024 (v02 VBOX  )
[    0.000000] ACPI: XSDT 0x000000003FFF0030 00003C (v01 VBOX   VBOXXSDT 00000001 ASL  00000061)
[    0.000000] ACPI: FACP 0x000000003FFF00F0 0000F4 (v04 VBOX   VBOXFACP 00000001 ASL  00000061)
[    0.000000] ACPI: DSDT 0x000000003FFF0470 002325 (v02 VBOX   VBOXBIOS 00000002 INTL 20100528)
[    0.000000] ACPI: FACS 0x000000003FFF0200 000040
[    0.000000] ACPI: FACS 0x000000003FFF0200 000040
[    0.000000] ACPI: APIC 0x000000003FFF0240 00005C (v02 VBOX   VBOXAPIC 00000001 ASL  00000061)
[    0.000000] ACPI: SSDT 0x000000003FFF02A0 0001CC (v01 VBOX   VBOXCPUT 00000002 INTL 20100528)
[    0.000000] No NUMA configuration found
[    0.000000] Faking a node at [mem 0x0000000000000000-0x000000003ffeffff]
[    0.000000] NODE_DATA(0) allocated [mem 0x3ffeb000-0x3ffeffff]
[    0.000000] kvm-clock: Using msrs 4b564d01 and 4b564d00
[    0.000000] kvm-clock: cpu 0, msr 0:3ffe3001, primary cpu clock
[    0.000000] kvm-clock: using sched offset of 4381785703 cycles
[    0.000000] clocksource: kvm-clock: mask: 0xffffffffffffffff max_cycles: 0x1cd42e4dffb, max_idle_ns: 881590591483 ns
[    0.000000] Zone ranges:
[    0.000000]   DMA      [mem 0x0000000000001000-0x0000000000ffffff]
[    0.000000]   DMA32    [mem 0x0000000001000000-0x000000003ffeffff]
[    0.000000]   Normal   empty
[    0.000000]   Device   empty
[    0.000000] Movable zone start for each node
[    0.000000] Early memory node ranges
[    0.000000]   node   0: [mem 0x0000000000001000-0x000000000009efff]
[    0.000000]   node   0: [mem 0x0000000000100000-0x000000003ffeffff]
[    0.000000] Initmem setup node 0 [mem 0x0000000000001000-0x000000003ffeffff]
[    0.000000] ACPI: PM-Timer IO Port: 0x4008
[    0.000000] IOAPIC[0]: apic_id 2, version 32, address 0xfec00000, GSI 0-23
[    0.000000] ACPI: INT_SRC_OVR (bus 0 bus_irq 0 global_irq 2 dfl dfl)
[    0.000000] ACPI: INT_SRC_OVR (bus 0 bus_irq 9 global_irq 9 low level)
[    0.000000] Using ACPI (MADT) for SMP configuration information
[    0.000000] smpboot: Allowing 2 CPUs, 0 hotplug CPUs
[    0.000000] PM: Registered nosave memory: [mem 0x00000000-0x00000fff]
[    0.000000] PM: Registered nosave memory: [mem 0x0009f000-0x0009ffff]
[    0.000000] PM: Registered nosave memory: [mem 0x000a0000-0x000effff]
[    0.000000] PM: Registered nosave memory: [mem 0x000f0000-0x000fffff]
[    0.000000] e820: [mem 0x40000000-0xfebfffff] available for PCI devices
[    0.000000] Booting paravirtualized kernel on KVM
[    0.000000] clocksource: refined-jiffies: mask: 0xffffffff max_cycles: 0xffffffff, max_idle_ns: 7645519600211568 ns
[    0.000000] setup_percpu: NR_CPUS:512 nr_cpumask_bits:512 nr_cpu_ids:2 nr_node_ids:1
[    0.000000] PERCPU: Embedded 33 pages/cpu @ffff88003fc00000 s95512 r8192 d31464 u1048576
[    0.000000] Built 1 zonelists in Node order, mobility grouping on.  Total pages: 257912
[    0.000000] Policy zone: DMA32
[    0.000000] Kernel command line: BOOT_IMAGE=/boot/vmlinuz-4.4.0-189-generic root=LABEL=cloudimg-rootfs ro console=tty1 console=ttyS0
[    0.000000] PID hash table entries: 4096 (order: 3, 32768 bytes)
[    0.000000] Memory: 997660K/1048120K available (8636K kernel code, 1337K rwdata, 4040K rodata, 1492K init, 1296K bss, 50460K reserved, 0K cma-reserved)
[    0.000000] SLUB: HWalign=64, Order=0-3, MinObjects=0, CPUs=2, Nodes=1
[    0.000000] Hierarchical RCU implementation.
[    0.000000] 	Build-time adjustment of leaf fanout to 64.
[    0.000000] 	RCU restricting CPUs from NR_CPUS=512 to nr_cpu_ids=2.
[    0.000000] RCU: Adjusting geometry for rcu_fanout_leaf=64, nr_cpu_ids=2
[    0.000000] NR_IRQS:33024 nr_irqs:440 16
[    0.000000] Console: colour VGA+ 80x25
[    0.000000] console [tty1] enabled
[    0.000000] console [ttyS0] enabled
[    0.000000] tsc: Detected 2304.002 MHz processor
[    0.202345] Calibrating delay loop (skipped) preset value.. 4608.00 BogoMIPS (lpj=9216008)
[    0.204032] pid_max: default: 32768 minimum: 301
[    0.205021] ACPI: Core revision 20150930
[    0.207010] ACPI: 2 ACPI AML tables successfully acquired and loaded
[    0.208369] Security Framework initialized
[    0.209232] Yama: becoming mindful.
[    0.210004] AppArmor: AppArmor initialized
[    0.210926] Dentry cache hash table entries: 131072 (order: 8, 1048576 bytes)
[    0.212431] Inode-cache hash table entries: 65536 (order: 7, 524288 bytes)
[    0.219693] Mount-cache hash table entries: 2048 (order: 2, 16384 bytes)
[    0.220963] Mountpoint-cache hash table entries: 2048 (order: 2, 16384 bytes)
[    0.222394] Initializing cgroup subsys io
[    0.223232] Initializing cgroup subsys memory
[    0.224128] Initializing cgroup subsys devices
[    0.225029] Initializing cgroup subsys freezer
[    0.225953] Initializing cgroup subsys net_cls
[    0.226811] Initializing cgroup subsys perf_event
[    0.227744] Initializing cgroup subsys net_prio
[    0.228712] Initializing cgroup subsys hugetlb
[    0.229811] Initializing cgroup subsys pids
[    0.232611] mce: CPU supports 0 MCE banks
[    0.233541] Last level iTLB entries: 4KB 64, 2MB 8, 4MB 8
[    0.234575] Last level dTLB entries: 4KB 64, 2MB 0, 4MB 0, 1GB 4
[    0.235787] Spectre V1 : Mitigation: usercopy/swapgs barriers and __user pointer sanitization
[    0.237445] Spectre V2 : Mitigation: Full generic retpoline
[    0.238556] Spectre V2 : Spectre v2 / SpectreRSB mitigation: Filling RSB on context switch
[    0.240836] Speculative Store Bypass: Vulnerable
[    0.241853] SRBDS: Mitigation: TSX disabled
[    0.246749] Freeing SMP alternatives memory: 36K
[    0.257186] ftrace: allocating 32336 entries in 127 pages
[    0.387000] smpboot: APIC(0) Converting physical 0 to logical package 0
[    0.390402] smpboot: Max logical packages: 1
[    0.393149] x2apic enabled
[    0.395287] Switched APIC routing to physical x2apic.
[    0.400601] ..TIMER: vector=0x30 apic1=0 pin1=2 apic2=-1 pin2=-1
[    0.511647] smpboot: CPU0: Intel(R) Core(TM) i7-10510U CPU @ 1.80GHz (family: 0x6, model: 0x8e, stepping: 0xc)
[    0.517315] Performance Events: unsupported p6 CPU model 142 no PMU driver, software events only.
[    0.545913] KVM setup paravirtual spinlock
[    0.549719] x86: Booting SMP configuration:
[    0.552204] .... node  #0, CPUs:      #1
[    0.554656] kvm-clock: cpu 1, msr 0:3ffe3041, secondary cpu clock
[    0.559528] mce: CPU supports 0 MCE banks
[    0.562930] x86: Booted up 1 node, 2 CPUs
[    0.565994] smpboot: Total of 2 processors activated (9216.00 BogoMIPS)
[    0.570583] devtmpfs: initialized
[    0.576627] evm: security.selinux
[    0.578728] evm: security.SMACK64
[    0.580674] evm: security.SMACK64EXEC
[    0.582909] evm: security.SMACK64TRANSMUTE
[    0.585227] evm: security.SMACK64MMAP
[    0.587322] evm: security.ima
[    0.589057] evm: security.capability
[    0.590185] clocksource: jiffies: mask: 0xffffffff max_cycles: 0xffffffff, max_idle_ns: 7645041785100000 ns
[    0.592083] futex hash table entries: 512 (order: 3, 32768 bytes)
[    0.593373] pinctrl core: initialized pinctrl subsystem
[    0.594557] RTC time: 10:33:32, date: 09/21/20
[    0.598660] NET: Registered protocol family 16
[    0.613748] cpuidle: using governor ladder
[    0.629284] cpuidle: using governor menu
[    0.631577] PCCT header not found.
[    0.633937] ACPI: bus type PCI registered
[    0.636249] acpiphp: ACPI Hot Plug PCI Controller Driver version: 0.5
[    0.639292] PCI: Using configuration type 1 for base access
[    0.654757] ACPI: Added _OSI(Module Device)
[    0.656965] ACPI: Added _OSI(Processor Device)
[    0.659351] ACPI: Added _OSI(3.0 _SCP Extensions)
[    0.661869] ACPI: Added _OSI(Processor Aggregator Device)
[    0.665269] ACPI: Executed 1 blocks of module-level executable AML code
[    0.670215] ACPI: Interpreter enabled
[    0.671102] ACPI: (supports S0 S5)
[    0.671870] ACPI: Using IOAPIC for interrupt routing
[    0.673085] PCI: Using host bridge windows from ACPI; if necessary, use "pci=nocrs" and report a bug
[    0.680178] ACPI: PCI Root Bridge [PCI0] (domain 0000 [bus 00-ff])
[    0.681316] acpi PNP0A03:00: _OSC: OS supports [ASPM ClockPM Segments MSI]
[    0.682923] acpi PNP0A03:00: _OSC: not requesting OS control; OS requires [ExtendedConfig ASPM ClockPM MSI]
[    0.684872] acpi PNP0A03:00: fail to add MMCONFIG information, can't access extended PCI configuration space under this bridge.
[    0.687417] PCI host bridge to bus 0000:00
[    0.688304] pci_bus 0000:00: root bus resource [io  0x0000-0x0cf7 window]
[    0.689540] pci_bus 0000:00: root bus resource [io  0x0d00-0xffff window]
[    0.690859] pci_bus 0000:00: root bus resource [mem 0x000a0000-0x000bffff window]
[    0.692396] pci_bus 0000:00: root bus resource [mem 0x40000000-0xfdffffff window]
[    0.693948] pci_bus 0000:00: root bus resource [bus 00-ff]
[    0.698835] pci 0000:00:01.1: legacy IDE quirk: reg 0x10: [io  0x01f0-0x01f7]
[    0.700165] pci 0000:00:01.1: legacy IDE quirk: reg 0x14: [io  0x03f6]
[    0.701403] pci 0000:00:01.1: legacy IDE quirk: reg 0x18: [io  0x0170-0x0177]
[    0.702753] pci 0000:00:01.1: legacy IDE quirk: reg 0x1c: [io  0x0376]
[    0.736410] pci 0000:00:07.0: quirk: [io  0x4000-0x403f] claimed by PIIX4 ACPI
[    0.740267] pci 0000:00:07.0: quirk: [io  0x4100-0x410f] claimed by PIIX4 SMB
[    0.753537] ACPI: PCI Interrupt Link [LNKA] (IRQs 5 9 10 *11)
[    0.758084] ACPI: PCI Interrupt Link [LNKB] (IRQs 5 9 *10 11)
[    0.762325] ACPI: PCI Interrupt Link [LNKC] (IRQs 5 *9 10 11)
[    0.766421] ACPI: PCI Interrupt Link [LNKD] (IRQs 5 9 10 *11)
[    0.770809] ACPI: Enabled 2 GPEs in block 00 to 07
[    0.774367] vgaarb: setting as boot device: PCI:0000:00:02.0
[    0.777194] vgaarb: device added: PCI:0000:00:02.0,decodes=io+mem,owns=io+mem,locks=none
[    0.779577] vgaarb: loaded
[    0.780292] vgaarb: bridge control possible 0000:00:02.0
[    0.781593] SCSI subsystem initialized
[    0.782806] ACPI: bus type USB registered
[    0.783694] usbcore: registered new interface driver usbfs
[    0.784721] usbcore: registered new interface driver hub
[    0.785788] usbcore: registered new device driver usb
[    0.787038] PCI: Using ACPI for IRQ routing
[    0.788162] NetLabel: Initializing
[    0.788929] NetLabel:  domain hash size = 128
[    0.789835] NetLabel:  protocols = UNLABELED CIPSOv4
[    0.790860] NetLabel:  unlabeled traffic allowed by default
[    0.792004] amd_nb: Cannot enumerate AMD northbridges
[    0.793048] clocksource: Switched to clocksource kvm-clock
[    0.814482] AppArmor: AppArmor Filesystem Enabled
[    0.815928] pnp: PnP ACPI init
[    0.819642] pnp: PnP ACPI: found 3 devices
[    0.838449] clocksource: acpi_pm: mask: 0xffffff max_cycles: 0xffffff, max_idle_ns: 2085701024 ns
[    0.840438] NET: Registered protocol family 2
[    0.841511] TCP established hash table entries: 8192 (order: 4, 65536 bytes)
[    0.842848] TCP bind hash table entries: 8192 (order: 5, 131072 bytes)
[    0.844398] TCP: Hash tables configured (established 8192 bind 8192)
[    0.845692] UDP hash table entries: 512 (order: 2, 16384 bytes)
[    0.846804] UDP-Lite hash table entries: 512 (order: 2, 16384 bytes)
[    0.853164] NET: Registered protocol family 1
[    0.854164] pci 0000:00:00.0: Limiting direct PCI/PCI transfers
[    0.855355] pci 0000:00:01.0: Activating ISA DMA hang workarounds
[    0.856925] Unpacking initramfs...
[    1.399865] Freeing initrd memory: 14884K
[    1.402400] clocksource: tsc: mask: 0xffffffffffffffff max_cycles: 0x2135f9f0f74, max_idle_ns: 440795301392 ns
[    1.407615] platform rtc_cmos: registered platform RTC device (no PNP device found)
[    1.411652] Scanning for low memory corruption every 60 seconds
[    1.415266] audit: initializing netlink subsys (disabled)
[    1.417895] audit: type=2000 audit(1600684419.603:1): initialized
[    1.419538] Initialise system trusted keyring
[    1.420989] HugeTLB registered 2 MB page size, pre-allocated 0 pages
[    1.424672] zbud: loaded
[    1.425760] VFS: Disk quotas dquot_6.6.0
[    1.426640] VFS: Dquot-cache hash table entries: 512 (order 0, 4096 bytes)
[    1.428137] squashfs: version 4.0 (2009/01/31) Phillip Lougher
[    1.429846] fuse init (API version 7.23)
[    1.434771] Key type big_key registered
[    1.435652] Allocating IMA MOK and blacklist keyrings.
[    1.441189] Key type asymmetric registered
[    1.442117] Asymmetric key parser 'x509' registered
[    1.443211] Block layer SCSI generic (bsg) driver version 0.4 loaded (major 249)
[    1.444923] io scheduler noop registered
[    1.445943] io scheduler deadline registered (default)
[    1.447121] io scheduler cfq registered
[    1.448637] pci_hotplug: PCI Hot Plug PCI Core version: 0.5
[    1.449896] pciehp: PCI Express Hot Plug Controller Driver version: 0.4
[    1.451284] ACPI: AC Adapter [AC] (off-line)
[    1.452247] input: Power Button as /devices/LNXSYSTM:00/LNXPWRBN:00/input/input0
[    1.453832] ACPI: Power Button [PWRF]
[    1.454719] input: Sleep Button as /devices/LNXSYSTM:00/LNXSLPBN:00/input/input1
[    1.456239] ACPI: Sleep Button [SLPF]
[    1.457968] ACPI: Battery Slot [BAT0] (battery present)
[    1.459079] GHES: HEST is not enabled!
[    1.460004] Serial: 8250/16550 driver, 32 ports, IRQ sharing enabled
[    1.482304] 00:02: ttyS0 at I/O 0x3f8 (irq = 4, base_baud = 115200) is a 16550A
[    1.492704] Linux agpgart interface v0.103
[    1.498534] loop: module loaded
[    1.499912] scsi host0: ata_piix
[    1.500764] scsi host1: ata_piix
[    1.501567] ata1: PATA max UDMA/33 cmd 0x1f0 ctl 0x3f6 bmdma 0xd000 irq 14
[    1.502826] ata2: PATA max UDMA/33 cmd 0x170 ctl 0x376 bmdma 0xd008 irq 15
[    1.504188] libphy: Fixed MDIO Bus: probed
[    1.505029] tun: Universal TUN/TAP device driver, 1.6
[    1.506108] tun: (C) 1999-2004 Max Krasnyansky <maxk@qualcomm.com>
[    1.507353] PPP generic driver version 2.4.2
[    1.508342] ehci_hcd: USB 2.0 'Enhanced' Host Controller (EHCI) Driver
[    1.509545] ehci-pci: EHCI PCI platform driver
[    1.510463] ehci-platform: EHCI generic platform driver
[    1.511482] ohci_hcd: USB 1.1 'Open' Host Controller (OHCI) Driver
[    1.512610] ohci-pci: OHCI PCI platform driver
[    1.513577] ohci-platform: OHCI generic platform driver
[    1.514612] uhci_hcd: USB Universal Host Controller Interface driver
[    1.515853] i8042: PNP: PS/2 Controller [PNP0303:PS2K,PNP0f03:PS2M] at 0x60,0x64 irq 1,12
[    1.518741] serio: i8042 KBD port at 0x60,0x64 irq 1
[    1.519769] serio: i8042 AUX port at 0x60,0x64 irq 12
[    1.520995] mousedev: PS/2 mouse device common for all mice
[    1.522779] input: AT Translated Set 2 keyboard as /devices/platform/i8042/serio0/input/input2
[    1.526130] rtc_cmos rtc_cmos: rtc core: registered rtc_cmos as rtc0
[    1.527409] rtc_cmos rtc_cmos: alarms up to one day, 114 bytes nvram
[    1.528596] i2c /dev entries driver
[    1.529506] device-mapper: uevent: version 1.0.3
[    1.530503] device-mapper: ioctl: 4.34.0-ioctl (2015-10-28) initialised: dm-devel@redhat.com
[    1.532532] ledtrig-cpu: registered to indicate activity on CPUs
[    1.534690] NET: Registered protocol family 10
[    1.535955] NET: Registered protocol family 17
[    1.536927] Key type dns_resolver registered
[    1.538046] registered taskstats version 1
[    1.538921] Loading compiled-in X.509 certificates
[    1.540386] Loaded X.509 cert 'Build time autogenerated kernel key: 06f0812676e66a24038557b34a5a5205bffb6390'
[    1.542311] zswap: loaded using pool lzo/zbud
[    1.546553] Key type trusted registered
[    1.554352] Key type encrypted registered
[    1.555274] AppArmor: AppArmor sha1 policy hashing enabled
[    1.556341] ima: No TPM chip found, activating TPM-bypass!
[    1.557394] ima: Allocated hash algorithm: sha1
[    1.558376] evm: HMAC attrs: 0x1
[    1.559595]   Magic number: 4:685:578
[    1.560414] platform pcspkr: hash matches
[    1.561701] rtc_cmos rtc_cmos: setting system clock to 2020-09-21 10:33:33 UTC (1600684413)
[    1.563640] BIOS EDD facility v0.16 2004-Jun-25, 0 devices found
[    1.564728] EDD information not available.
[    1.688057] Freeing unused kernel memory: 1492K
[    1.690361] Write protecting the kernel read-only data: 14336k
[    1.694932] Freeing unused kernel memory: 1592K
[    1.698888] Freeing unused kernel memory: 56K
Loading, please wait...
starting version 229
[    1.729418] random: systemd-udevd: uninitialized urandom read (16 bytes read, 3 bits of entropy available)
[    1.730456] random: udevadm: uninitialized urandom read (16 bytes read, 3 bits of entropy available)
[    1.730486] random: udevadm: uninitialized urandom read (16 bytes read, 3 bits of entropy available)
[    1.743663] random: systemd-udevd: uninitialized urandom read (16 bytes read, 3 bits of entropy available)
[    1.744688] random: udevadm: uninitialized urandom read (16 bytes read, 3 bits of entropy available)
[    1.744839] random: udevadm: uninitialized urandom read (16 bytes read, 3 bits of entropy available)
[    1.745212] random: udevadm: uninitialized urandom read (16 bytes read, 3 bits of entropy available)
[    1.745303] random: udevadm: uninitialized urandom read (16 bytes read, 3 bits of entropy available)
[    1.745389] random: udevadm: uninitialized urandom read (16 bytes read, 3 bits of entropy available)
[    1.745471] random: udevadm: uninitialized urandom read (16 bytes read, 3 bits of entropy available)
[    1.828063] e1000: Intel(R) PRO/1000 Network Driver - version 7.3.21-k8-NAPI
[    1.831698] e1000: Copyright (c) 1999-2006 Intel Corporation.
[    1.837871] Fusion MPT base driver 3.04.20
[    1.839917] Copyright (c) 1999-2008 LSI Corporation
[    1.852562] Fusion MPT SPI Host driver 3.04.20
[    1.903100] AVX2 version of gcm_enc/dec engaged.
[    1.905699] AES CTR mode by8 optimization enabled
[    2.058409] input: ImExPS/2 Generic Explorer Mouse as /devices/platform/i8042/serio1/input/input4
[    2.321241] e1000 0000:00:03.0 eth0: (PCI:33MHz:32-bit) 02:8f:67:5f:07:a5
[    2.323602] e1000 0000:00:03.0 eth0: Intel(R) PRO/1000 Network Connection
[    2.327547] e1000 0000:00:03.0 enp0s3: renamed from eth0
[    2.329706] mptbase: ioc0: Initiating bringup
[    2.398386] ioc0: LSI53C1030 A0: Capabilities={Initiator}
[    2.565843] scsi host2: ioc0: LSI53C1030 A0, FwRev=00000000h, Ports=1, MaxQ=256, IRQ=20
[    2.686595] scsi 2:0:0:0: Direct-Access     VBOX     HARDDISK         1.0  PQ: 0 ANSI: 5
[    2.690866] scsi target2:0:0: Beginning Domain Validation
[    2.697365] scsi target2:0:0: Domain Validation skipping write tests
[    2.700695] scsi target2:0:0: Ending Domain Validation
[    2.703796] scsi target2:0:0: asynchronous
[    2.706464] scsi 2:0:1:0: Direct-Access     VBOX     HARDDISK         1.0  PQ: 0 ANSI: 5
[    2.708271] scsi target2:0:1: Beginning Domain Validation
[    2.710262] scsi target2:0:1: Domain Validation skipping write tests
[    2.711407] scsi target2:0:1: Ending Domain Validation
[    2.730482] scsi target2:0:1: asynchronous
[    2.754754] sd 2:0:0:0: Attached scsi generic sg0 type 0
[    2.756747] sd 2:0:0:0: [sda] 20971520 512-byte logical blocks: (10.7 GB/10.0 GiB)
[    2.757473] sd 2:0:1:0: [sdb] 20480 512-byte logical blocks: (10.5 MB/10.0 MiB)
[    2.757741] sd 2:0:1:0: [sdb] Write Protect is off
[    2.757933] sd 2:0:1:0: [sdb] Incomplete mode parameter data
[    2.757935] sd 2:0:1:0: [sdb] Assuming drive cache: write through
[    2.761391] sd 2:0:1:0: Attached scsi generic sg1 type 0
[    2.763308] sd 2:0:1:0: [sdb] Attached SCSI disk
[    2.768329] sd 2:0:0:0: [sda] Write Protect is off
[    2.769664] sd 2:0:0:0: [sda] Incomplete mode parameter data
[    2.770797] sd 2:0:0:0: [sda] Assuming drive cache: write through
[    2.773860]  sda: sda1
[    2.775575] sd 2:0:0:0: [sda] Attached SCSI disk
Begin: Loading essential drivers ... [    4.438538] md: linear personality registered for level -1
[    4.446063] md: multipath personality registered for level -4
[    4.453556] md: raid0 personality registered for level 0
[    4.464101] md: raid1 personality registered for level 1
[    4.541491] raid6: sse2x1   gen()  4203 MB/s
[    4.609304] raid6: sse2x1   xor()  2804 MB/s
[    4.677149] raid6: sse2x2   gen()  5812 MB/s
[    4.745472] raid6: sse2x2   xor()  3916 MB/s
[    4.813084] raid6: sse2x4   gen()  6373 MB/s
[    4.881144] raid6: sse2x4   xor()  4134 MB/s
[    4.949452] raid6: avx2x1   gen()  8377 MB/s
[    5.017086] raid6: avx2x2   gen() 10615 MB/s
[    5.085115] raid6: avx2x4   gen() 11245 MB/s
[    5.087332] raid6: using algorithm avx2x4 gen() 11245 MB/s
[    5.089935] raid6: using avx2x2 recovery algorithm
[    5.094605] xor: automatically using best checksumming function:
[    5.137074]    avx       :  8972.000 MB/sec
[    5.141706] async_tx: api initialized (async)
[    5.164097] md: raid6 personality registered for level 6
[    5.166917] md: raid5 personality registered for level 5
[    5.169293] md: raid4 personality registered for level 4
[    5.185824] md: raid10 personality registered for level 10
done.
Begin: Running /scripts/init-premount ... done.
Begin: Mounting root file system ... Begin: Running /scripts/local-top ... done.
Begin: Running /scripts/local-premount ... [    5.247005] Btrfs loaded
Scanning for Btrfs filesystems
done.
Warning: fsck not present, so skipping root file system
[    5.303989] EXT4-fs (sda1): INFO: recovery required on readonly filesystem
[    5.308199] EXT4-fs (sda1): write access will be enabled during recovery
[    5.376894] EXT4-fs (sda1): orphan cleanup on readonly fs
[    5.378077] EXT4-fs (sda1): 1 orphan inode deleted
[    5.379150] EXT4-fs (sda1): recovery complete
[    5.380757] EXT4-fs (sda1): mounted filesystem with ordered data mode. Opts: (null)
done.
Begin: Running /scripts/local-bottom ... done.
Begin: Running /scripts/init-bottom ... done.
[    5.467079] systemd[1]: systemd 229 running in system mode. (+PAM +AUDIT +SELINUX +IMA +APPARMOR +SMACK +SYSVINIT +UTMP +LIBCRYPTSETUP +GCRYPT +GNUTLS +ACL +XZ -LZ4 +SECCOMP +BLKID +ELFUTILS +KMOD -IDN)
[    5.470921] systemd[1]: Detected virtualization oracle.
[    5.472035] systemd[1]: Detected architecture x86-64.

Welcome to [1mUbuntu 16.04.7 LTS[0m!

[    5.474630] systemd[1]: Set hostname to <ubuntu-xenial>.
[    5.595934] systemd[1]: Reached target System Time Synchronized.
[[0;32m  OK  [0m] Reached target System Time Synchronized.
[    5.598035] systemd[1]: Listening on /dev/initctl Compatibility Named Pipe.
[[0;32m  OK  [0m] Listening on /dev/initctl Compatibility Named Pipe.
[    5.600288] systemd[1]: Listening on Syslog Socket.
[[0;32m  OK  [0m] Listening on Syslog Socket.
[    5.602066] systemd[1]: Started Forward Password Requests to Wall Directory Watch.
[[0;32m  OK  [0m] Started Forward Password Requests to Wall Directory Watch.
[    5.604805] systemd[1]: Listening on Journal Socket.
[[0;32m  OK  [0m] Listening on Journal Socket.
[    5.606644] systemd[1]: Listening on Journal Audit Socket.
[[0;32m  OK  [0m] Listening on Journal Audit Socket.
[    5.608543] systemd[1]: Listening on udev Kernel Socket.
[[0;32m  OK  [0m] Listening on udev Kernel Socket.
[    5.610453] systemd[1]: Listening on Device-mapper event daemon FIFOs.
[[0;32m  OK  [0m] Listening on Device-mapper event daemon FIFOs.
[    5.612836] systemd[1]: Created slice System Slice.
[[0;32m  OK  [0m] Created slice System Slice.
[    5.629547] systemd[1]: Starting Set console keymap...
         Starting Set console keymap...
[    5.632043] systemd[1]: Mounting Debug File System...
         Mounting Debug File System...
[    5.634237] systemd[1]: Starting Remount Root and Kernel File Systems...
         Starting Remount Root and Kernel File Systems...
[    5.636954] systemd[1]: Starting Nameserver information manager...
         Starting Nameserver information manager...
[    5.640061] systemd[1]: Starting Uncomplicated firewall...
[    5.641116] EXT4-fs (sda1): re-mounted. Opts: (null)
         Starting Uncomplicated firewall...
[    5.643668] systemd[1]: Created slice system-serial\x2dgetty.slice.
[[0;32m  OK  [0m] Created slice system-serial\x2dgetty.slice.
[    5.646975] systemd[1]: Mounting Huge Pages File System...
         Mounting Huge Pages File System...
[    5.649576] systemd[1]: Created slice system-postgresql.slice.
[[0;32m  OK  [0m] Created slice system-postgresql.slice.
[    5.651684] systemd[1]: Reached target Swap.
[[0;32m  OK  [0m] Reached target Swap.
[    5.653433] systemd[1]: Reached target Encrypted Volumes.
[[0;32m  OK  [0m] Reached target Encrypted Volumes.
[    5.655615] systemd[1]: Set up automount Arbitrary Executable File Formats File System Automount Point.
[[0;32m  OK  [0m] Set up automount Arbitrary Executab...ats File System Automount Point.
[    5.666462] systemd[1]: Listening on LVM2 poll daemon socket.
[[0;32m  OK  [0m] Listening on LVM2 poll daemon socket.
[    5.668650] systemd[1]: Listening on udev Control Socket.
[[0;32m  OK  [0m] Listening on udev Control Socket.
[    5.670683] systemd[1]: Listening on LVM2 metadata daemon socket.
[[0;32m  OK  [0m] Listening on LVM2 metadata daemon socket.
[    5.690590] systemd[1]: Starting Monitoring of LVM2 mirrors, snapshots etc. using dmeventd or progress polling...
         Starting Monitoring of LVM2 mirrors... dmeventd or progress polling...
[    5.695290] systemd[1]: Started Trigger resolvconf update for networkd DNS.
[[0;32m  OK  [0m] Started Trigger resolvconf update for networkd DNS.
[    5.698006] systemd[1]: Reached target User and Group Name Lookups.
[[0;32m  OK  [0m] Reached target User and Group Name Lookups.
[    5.706425] systemd[1]: Starting Load Kernel Modules...
         Starting Load Kernel Modules...
[    5.708722] systemd[1]: Mounting POSIX Message Queue File System...
         Mounting POSIX Message Queue File System...
[    5.710905] systemd[1]: Listening on Journal Socket (/dev/log).
[[0;32m  OK  [0m] Listening on Journal Socket (/dev/log).
[    5.713702] systemd[1]: Starting Journal Service...
         Starting Journal Service...
[    5.716144] systemd[1]: Created slice User and Session Slice.
[[0;32m  OK  [0m] Created slice User and Session Slice.
[    5.725996] Loading iSCSI transport class v2.0-870.
[    5.730257] systemd[1]: Starting Create list of required static device nodes for the current kernel...
         Starting Create list of required st... nodes for the current kernel...
[    5.734072] systemd[1]: Reached target Slices.
[    5.735367] iscsi: registered transport (tcp)
[[0;32m  OK  [0m] Reached target Slices.
[    5.738659] systemd[1]: Mounted Huge Pages File System.
[[0;32m  OK  [0m] Mounted Huge Pages File System.
[    5.744469] systemd[1]: Mounted Debug File System.
[[0;32m  OK  [0m] Mounted Debug File System.
[    5.746493] systemd[1]: Mounted POSIX Message Queue File System.
[[0;32m  OK  [0m] Mounted POSIX Message Queue File System.
[    5.749061] systemd[1]: Started Set console keymap.
[[0;32m  OK  [0m] Started Set console keymap.
[    5.763710] systemd[1]: Started Remount Root and Kernel File Systems.
[[0;32m  OK  [0m] Started Remount Root and Kernel File Systems.
[    5.778803] systemd[1]: Started Uncomplicated firewall.
[[0;32m  OK  [0m] Started Uncomplicated firewall.
[    5.782327] systemd[1]: Started Create list of required static device nodes for the current kernel.
[[0;32m  OK  [0m] Started Create list of required sta...ce nodes for the current kernel.
[    5.786225] systemd[1]: Started Nameserver information manager.
[[0;32m  OK  [0m] Started Nameserver information manager.
[    5.789873] systemd[1]: Started Journal Service.
[[0;32m  OK  [0m] Started Journal Service.
[    5.794331] iscsi: registered transport (iser)
[[0;32m  OK  [0m] Started Load Kernel Modules.
[[0;32m  OK  [0m] Started LVM2 metadata daemon.
         Mounting FUSE Control File System...
         Starting Apply Kernel Variables...
         Starting Create Static Device Nodes in /dev...
         Starting udev Coldplug all Devices...
         Starting Load/Save Random Seed...
         Starting Flush Journal to Persistent Storage...
[[0;32m  OK  [0m] Mounted FUSE Control File System.
[[0;32m  OK  [0m] Started Load/Save Random Seed.
[[0;32m  OK  [0m] Started Apply Kernel Variables.
[[0;32m  OK  [0m] Started Create Static Device Nodes in /dev.
         Starting udev Kernel Device Manager...
[[0;32m  OK  [0m] Started Flush Journal to Persistent Storage.
[[0;32m  OK  [0m] Started udev Kernel Device Manager.
[[0;32m  OK  [0m] Started udev Coldplug all Devices.
[[0;32m  OK  [0m] Started Dispatch Password Requests to Console Directory Watch.
[[0;32m  OK  [0m] Started Monitoring of LVM2 mirrors,...ng dmeventd or progress polling.
[[0;32m  OK  [0m] Reached target Local File Systems (Pre).
[[0;32m  OK  [0m] Reached target Local File Systems.
         Starting Initial cloud-init job (pre-networking)...
         Starting Tell Plymouth To Write Out Runtime Data...
         Starting LSB: AppArmor initialization...
         Starting Create Volatile Files and Directories...
         Starting Set console font and keymap...
         Mounting /vagrant...
         Mounting /home/vagrant/workspace...
[[0;32m  OK  [0m] Started Tell Plymouth To Write Out Runtime Data.
[[0;1;31mFAILED[0m] Failed to mount /home/vagrant/workspace.
See 'systemctl status home-vagrant-workspace.mount' for details.
[[0;32m  OK  [0m] Started Create Volatile Files and Directories.
[[0;1;31mFAILED[0m] Failed to mount /vagrant.
See 'systemctl status vagrant.mount' for details.
         Starting Update UTMP about System Boot/Shutdown...
[[0;32m  OK  [0m] Found device /dev/ttyS0.
[[0;32m  OK  [0m] Started Update UTMP about System Boot/Shutdown.
[[0;32m  OK  [0m] Listening on Load/Save RF Kill Switch Status /dev/rfkill Watch.
[[0;32m  OK  [0m] Started LSB: AppArmor initialization.
         Starting Load AppArmor profiles managed internally by snapd...
[[0;32m  OK  [0m] Started Load AppArmor profiles managed internally by snapd.
[[0;32m  OK  [0m] Found device 82540EM Gigabit Ethern...r (PRO/1000 MT Desktop Adapter).
[    7.332984] cloud-init[491]: Cloud-init v. 20.2-45-g5f7825e2-0ubuntu1~16.04.1 running 'init-local' at Mon, 21 Sep 2020 10:33:39 +0000. Up 6.91 seconds.
[[0;32m  OK  [0m] Started Initial cloud-init job (pre-networking).
[[0;32m  OK  [0m] Reached target Network (Pre).
         Starting Raise network interfaces...
[[0;32m  OK  [0m] Started ifup for enp0s3.
[[0;32m  OK  [0m] Started Set console font and keymap.
[[0;32m  OK  [0m] Created slice system-getty.slice.
[[0;32m  OK  [0m] Started Raise network interfaces.
         Starting Initial cloud-init job (metadata service crawler)...
[[0;32m  OK  [0m] Reached target Network.
[    9.101542] cloud-init[999]: Cloud-init v. 20.2-45-g5f7825e2-0ubuntu1~16.04.1 running 'init' at Mon, 21 Sep 2020 10:33:40 +0000. Up 8.64 seconds.
[    9.109539] cloud-init[999]: ci-info: +++++++++++++++++++++++++++++++++++++Net device info++++++++++++++++++++++++++++++++++++++
[    9.112213] cloud-init[999]: ci-info: +--------+------+---------------------------+---------------+--------+-------------------+
[    9.117362] cloud-init[999]: ci-info: | Device |  Up  |          Address          |      Mask     | Scope  |     Hw-Address    |
[    9.119813] cloud-init[999]: ci-info: +--------+------+---------------------------+---------------+--------+-------------------+
[    9.125101] cloud-init[999]: ci-info: | enp0s3 | True |         10.0.2.15         | 255.255.255.0 | global | 02:8f:67:5f:07:a5 |
[    9.128993] cloud-init[999]: ci-info: | enp0s3 | True | fe80::8f:67ff:fe5f:7a5/64 |       .       |  link  | 02:8f:67:5f:07:a5 |
[    9.132932] cloud-init[999]: ci-info: |   lo   | True |         127.0.0.1         |   255.0.0.0   |  host  |         .         |
[    9.136786] cloud-init[999]: ci-info: |   lo   | True |          ::1/128          |       .       |  host  |         .         |
[    9.140694] cloud-init[999]: ci-info: +--------+------+---------------------------+---------------+--------+-------------------+
[    9.144588] cloud-init[999]: ci-info: +++++++++++++++++++++++++++Route IPv4 info++++++++++++++++++++++++++++
[    9.153449] cloud-init[999]: ci-info: +-------+-------------+----------+---------------+-----------+-------+
[    9.161322] cloud-init[999]: ci-info: | Route | Destination | Gateway  |    Genmask    | Interface | Flags |
[    9.169086] cloud-init[999]: ci-info: +-------+-------------+----------+---------------+-----------+-------+
[    9.171687] cloud-init[999]: ci-info: |   0   |   0.0.0.0   | 10.0.2.2 |    0.0.0.0    |   enp0s3  |   UG  |
[    9.180657] cloud-init[999]: ci-info: |   1   |   10.0.2.0  | 0.0.0.0  | 255.255.255.0 |   enp0s3  |   U   |
[    9.183018] cloud-init[999]: ci-info: +-------+-------------+----------+---------------+-----------+-------+
[    9.185510] cloud-init[999]: ci-info: +++++++++++++++++++Route IPv6 info+++++++++++++++++++
[    9.187631] cloud-init[999]: ci-info: +-------+-------------+---------+-----------+-------+
[    9.197075] cloud-init[999]: ci-info: | Route | Destination | Gateway | Interface | Flags |
[    9.199436] cloud-init[999]: ci-info: +-------+-------------+---------+-----------+-------+
[    9.201620] cloud-init[999]: ci-info: |   0   |  fe80::/64  |    ::   |   enp0s3  |   U   |
[    9.208718] cloud-init[[0;32m  OK  [0m] Started Initial cloud-init job (metadata service crawler).
[[0;32m  OK  [0m] Reached target System Initialization.
         Starting LXD - unix socket.
[999]: ci-info: |   3   |   ff00::/8  |    ::   |   enp0s3  |   U   |
[[0;32m  OK  [0m] Started ACPI Events Check.
[[0;32m  OK  [0m] Reached target Paths.
[[0;32m  OK  [0m] Listening on D-Bus System Message Bus Socket.
[[0;32m  OK  [0m] Listening on UUID daemon activation socket.
[[0;32m  OK  [0m] Started Daily Cleanup of Temporary Directories.
         Starting Socket activation for snappy daemon.
[    9.213522] cloud-init[999]: ci-info: +-------+-------------+---------+-----------+-------+
[[0;32m  OK  [0m] Started Daily apt download activities.
[[0;32m  OK  [0m] Started Daily apt upgrade and clean activities.
[[0;32m  OK  [0m] Started Message of the Day.
[[0;32m  OK  [0m] Listening on ACPID Listen Socket.
[[0;32m  OK  [0m] Reached target Timers.
[[0;32m  OK  [0m] Reached target Cloud-config availability.
[[0;32m  OK  [0m] Reached target Network is Online.
         Starting iSCSI initiator daemon (iscsid)...
[[0;32m  OK  [0m] Listening on LXD - unix socket.
[[0;32m  OK  [0m] Listening on Socket activation for snappy daemon.
[[0;32m  OK  [0m] Reached target Sockets.
[[0;32m  OK  [0m] Reached target Basic System.
[[0;32m  OK  [0m] Started D-Bus System Message Bus.
         Starting System Logging Service...
         Starting LSB: MD monitoring daemon...
[[0;32m  OK  [0m] Started ACPI event daemon.
         Starting Virtualbox guest utils...
         Starting /etc/rc.local Compatibility...
         Starting PostgreSQL Cluster 9.5-main...
         Starting Message of the Day...
[[0;32m  OK  [0m] Started Regular background program processing daemon.
[[0;32m  OK  [0m] Started FUSE filesystem for LXC.
         Starting Snap Daemon...
         Starting Login Service...
         Starting OpenBSD Secure Shell server...
         Starting Accounts Service...
         Starting LSB: Record successful boot for GRUB...
[[0;32m  OK  [0m] Started Deferred execution scheduler.
         Starting LXD - container startup/shutdown...
[[0;32m  OK  [0m] Started System Logging Service.
[[0;32m  OK  [0m] Started iSCSI initiator daemon (iscsid).
[[0;32m  OK  [0m] Started /etc/rc.local Compatibility.
[[0;32m  OK  [0m] Started Message of the Day.
         Starting Login to default iSCSI targets...
[[0;32m  OK  [0m] Started Login Service.
[[0;32m  OK  [0m] Started Unattended Upgrades Shutdown.
[[0;32m  OK  [0m] Started Login to default iSCSI targets.
[[0;32m  OK  [0m] Reached target Remote File Systems (Pre).
[[0;32m  OK  [0m] Reached target Remote File Systems.
         Starting LSB: Start/stop sysstat's sadc...
         Starting LSB: automatic crash report generation...
         Starting Permit User Sessions...
         Starting LSB: daemon to balance interrupts for SMP systems...
         Starting LSB: Set the CPU Frequency Scaling governor to "ondemand"...
[[0;32m  OK  [0m] Started LSB: MD monitoring daemon.
[[0;32m  OK  [0m] Started LSB: Record successful boot for GRUB.
[[0;32m  OK  [0m] Started Permit User Sessions.
         Starting Terminate Plymouth Boot Screen...
         Starting Hold until boot process finishes up...
[[0;32m  OK  [0m] Started Terminate Plymouth Boot Screen.
[[0;32m  OK  [0m] Started Hold until boot process finishes up.
         Starting Authenticate and Authorize Users to Run Privileged Tasks...
[[0;32m  OK  [0m] Started Serial Getty on ttyS0.
[[0;32m  OK  [0m] Started Getty on tty1.
[[0;32m  OK  [0m] Reached target Login Prompts.
         Starting Set console scheme...
[[0;32m  OK  [0m] Started LSB: Start/stop sysstat's sadc.
[[0;32m  OK  [0m] Started LSB: Set the CPU Frequency Scaling governor to "ondemand".
[[0;32m  OK  [0m] Started Set console scheme.
[[0;32m  OK  [0m] Started OpenBSD Secure Shell server.
[[0;32m  OK  [0m] Started Authenticate and Authorize Users to Run Privileged Tasks.
[[0;32m  OK  [0m] Started LSB: automatic crash report generation.
[[0;32m  OK  [0m] Started LSB: daemon to balance interrupts for SMP systems.
[[0;32m  OK  [0m] Started Accounts Service.
[[0;32m  OK  [0m] Started Virtualbox guest utils.
[[0;32m  OK  [0m] Started LXD - container startup/shutdown.
[[0;32m  OK  [0m] Started Snap Daemon.
         Starting Wait until snapd is fully seeded...
[[0;32m  OK  [0m] Started Wait until snapd is fully seeded.
         Starting Apply the settings specified in cloud-config...
[   10.864041] cloud-init[1281]: Cloud-init v. 20.2-45-g5f7825e2-0ubuntu1~16.04.1 running 'modules:config' at Mon, 21 Sep 2020 10:33:42 +0000. Up 10.68 seconds.
[[0;32m  OK  [0m] Started Apply the settings specified in cloud-config.
[[0;32m  OK  [0m] Created slice User Slice of vagrant.
         Starting User Manager for UID 1000...
[[0;32m  OK  [0m] Started Session 1 of user vagrant.
[[0;32m  OK  [0m] Started User Manager for UID 1000.
[[0;32m  OK  [0m] Started PostgreSQL Cluster 9.5-main.
         Starting PostgreSQL RDBMS...
[[0;32m  OK  [0m] Started PostgreSQL RDBMS.
[[0;32m  OK  [0m] Reached target Multi-User System.
         Starting Execute cloud user/final scripts...
[[0;32m  OK  [0m] Reached target Graphical Interface.
         Starting Update UTMP about System Runlevel Changes...
[[0;32m  OK  [0m] Started Update UTMP about System Runlevel Changes.
[   12.799331] cloud-init[1432]: Cloud-init v. 20.2-45-g5f7825e2-0ubuntu1~16.04.1 running 'modules:final' at Mon, 21 Sep 2020 10:33:44 +0000. Up 12.67 seconds.
[   12.802525] cloud-init[1432]: Cloud-init v. 20.2-45-g5f7825e2-0ubuntu1~16.04.1 finished at Mon, 21 Sep 2020 10:33:45 +0000. Datasource DataSourceNoCloud [seed=/dev/sdb][dsmode=net].  Up 12.77 seconds
[[0;32m  OK  [0m] Started Execute cloud user/final scripts.
[[0;32m  OK  [0m] Reached target Cloud-init target.

Ubuntu 16.04.7 LTS ubuntu-xenial ttyS0

ubuntu-xenial login: 